\BOOKMARK [1][-]{section.1}{\376\377\000W\000h\000a\000t\000\040\000t\000h\000i\000s\000\040\000t\000o\000o\000l\000\040\000d\000o\000e\000s}{}% 1
\BOOKMARK [0][-]{part.1}{\376\377\000I\000\040\000U\000s\000i\000n\000g\000\040\000t\000h\000e\000\040\000t\000o\000o\000l}{}% 2
\BOOKMARK [1][-]{section.2}{\376\377\000Y\000o\000u\000r\000\040\000f\000i\000r\000s\000t\000\040\000s\000c\000e\000n\000a\000r\000i\000o\000\040\000i\000n\000\040\000f\000i\000v\000e\000\040\000m\000i\000n\000u\000t\000e\000s}{part.1}% 3
\BOOKMARK [2][-]{subsection.2.1}{\376\377\000O\000p\000e\000n\000\040\000t\000h\000e\000\040\000t\000o\000o\000l\000\040\000a\000n\000d\000\040\000p\000i\000c\000k\000\040\000a\000\040\000c\000o\000u\000n\000t\000r\000y}{section.2}% 4
\BOOKMARK [2][-]{subsection.2.2}{\376\377\000R\000e\000a\000d\000\040\000y\000o\000u\000r\000\040\000f\000i\000r\000s\000t\000\040\000c\000h\000a\000r\000t}{section.2}% 5
\BOOKMARK [2][-]{subsection.2.3}{\376\377\000B\000e\000n\000d\000\040\000t\000h\000e\000\040\000p\000o\000l\000i\000c\000y\000\040\000r\000a\000t\000e}{section.2}% 6
\BOOKMARK [2][-]{subsection.2.4}{\376\377\000W\000a\000t\000c\000h\000\040\000t\000h\000e\000\040\000r\000e\000s\000t\000\040\000o\000f\000\040\000t\000h\000e\000\040\000e\000c\000o\000n\000o\000m\000y\000\040\000r\000e\000s\000p\000o\000n\000d}{section.2}% 7
\BOOKMARK [2][-]{subsection.2.5}{\376\377\000P\000u\000t\000\040\000u\000n\000c\000e\000r\000t\000a\000i\000n\000t\000y\000\040\000b\000a\000n\000d\000s\000\040\000a\000r\000o\000u\000n\000d\000\040\000i\000t}{section.2}% 8
\BOOKMARK [2][-]{subsection.2.6}{\376\377\000C\000l\000e\000a\000n\000\040\000u\000p}{section.2}% 9
\BOOKMARK [2][-]{subsection.2.7}{\376\377\000W\000h\000e\000r\000e\000\040\000t\000o\000\040\000g\000o\000\040\000n\000e\000x\000t}{section.2}% 10
\BOOKMARK [1][-]{section.3}{\376\377\000A\000\040\000t\000o\000u\000r\000\040\000o\000f\000\040\000t\000h\000e\000\040\000s\000c\000r\000e\000e\000n}{part.1}% 11
\BOOKMARK [2][-]{subsection.3.1}{\376\377\000T\000h\000e\000\040\000t\000o\000p\000\040\000b\000a\000r}{section.3}% 12
\BOOKMARK [3][-]{subsubsection.3.1.1}{\376\377\000P\000i\000c\000k\000i\000n\000g\000\040\000a\000\040\000c\000o\000u\000n\000t\000r\000y}{subsection.3.1}% 13
\BOOKMARK [3][-]{subsubsection.3.1.2}{\376\377\000T\000h\000e\000\040\000r\000e\000s\000t\000\040\000o\000f\000\040\000t\000h\000e\000\040\000b\000a\000r}{subsection.3.1}% 14
\BOOKMARK [2][-]{subsection.3.2}{\376\377\000H\000o\000w\000\040\000t\000o\000\040\000r\000e\000a\000d\000\040\000o\000n\000e\000\040\000c\000h\000a\000r\000t}{section.3}% 15
\BOOKMARK [2][-]{subsection.3.3}{\376\377\000T\000h\000r\000e\000e\000\040\000w\000a\000y\000s\000\040\000t\000o\000\040\000d\000i\000s\000p\000l\000a\000y\000\040\000t\000h\000e\000\040\000n\000u\000m\000b\000e\000r\000s}{section.3}% 16
\BOOKMARK [2][-]{subsection.3.4}{\376\377\000T\000h\000e\000\040\000l\000e\000f\000t\000\040\000c\000o\000n\000t\000r\000o\000l\000\040\000p\000a\000n\000e\000l}{section.3}% 17
\BOOKMARK [2][-]{subsection.3.5}{\376\377\000T\000h\000e\000\040\000b\000o\000t\000t\000o\000m\000\040\000b\000a\000r}{section.3}% 18
\BOOKMARK [1][-]{section.4}{\376\377\000B\000u\000i\000l\000d\000i\000n\000g\000\040\000s\000c\000e\000n\000a\000r\000i\000o\000s}{part.1}% 19
\BOOKMARK [2][-]{subsection.4.1}{\376\377\000P\000i\000n\000\040\000a\000\040\000v\000a\000r\000i\000a\000b\000l\000e\000\040\000w\000i\000t\000h\000\040\000t\000h\000e\000\040\000m\000o\000u\000s\000e}{section.4}% 20
\BOOKMARK [2][-]{subsection.4.2}{\376\377\000F\000i\000n\000e\000-\000t\000u\000n\000e\000\040\000q\000u\000a\000r\000t\000e\000r\000s\000\040\000i\000n\000\040\000t\000h\000e\000\040\000c\000o\000n\000d\000i\000t\000i\000o\000n\000i\000n\000g\000\040\000l\000i\000s\000t}{section.4}% 21
\BOOKMARK [2][-]{subsection.4.3}{\376\377\000C\000o\000n\000d\000i\000t\000i\000o\000n\000\040\000s\000e\000v\000e\000r\000a\000l\000\040\000v\000a\000r\000i\000a\000b\000l\000e\000s\000\040\000a\000t\000\040\000o\000n\000c\000e}{section.4}% 22
\BOOKMARK [2][-]{subsection.4.4}{\376\377\000R\000u\000n\000\040\000s\000c\000e\000n\000a\000r\000i\000o\000s\000\040\000s\000i\000d\000e\000\040\000b\000y\000\040\000s\000i\000d\000e}{section.4}% 23
\BOOKMARK [2][-]{subsection.4.5}{\376\377\000S\000t\000a\000r\000t\000\040\000o\000v\000e\000r\000:\000\040\000R\000e\000s\000e\000t\000\040\000v\000s\000.\000\040\000R\000e\000s\000e\000t\000\040\000a\000l\000l}{section.4}% 24
\BOOKMARK [2][-]{subsection.4.6}{\376\377\000W\000h\000e\000n\000\040\000t\000o\000\040\000p\000r\000e\000s\000s\000\040\000C\000o\000m\000p\000u\000t\000e}{section.4}% 25
\BOOKMARK [2][-]{subsection.4.7}{\376\377\000L\000o\000a\000d\000\040\000a\000\040\000r\000e\000a\000d\000y\000-\000m\000a\000d\000e\000\040\000s\000c\000e\000n\000a\000r\000i\000o\000\040\000f\000r\000o\000m\000\040\000t\000h\000e\000\040\000C\000o\000o\000k\000b\000o\000o\000k}{section.4}% 26
\BOOKMARK [1][-]{section.5}{\376\377\000C\000r\000o\000s\000s\000-\000c\000o\000u\000n\000t\000r\000y\000\040\000s\000p\000i\000l\000l\000o\000v\000e\000r\000s}{part.1}% 27
\BOOKMARK [2][-]{subsection.5.1}{\376\377\000T\000u\000r\000n\000i\000n\000g\000\040\000o\000n\000\040\000s\000c\000e\000n\000a\000r\000i\000o\000\040\000s\000p\000i\000l\000l\000o\000v\000e\000r\000s}{section.5}% 28
\BOOKMARK [2][-]{subsection.5.2}{\376\377\000P\000r\000e\000v\000i\000e\000w\000\040\000v\000e\000r\000s\000u\000s\000\040\000t\000h\000e\000\040\000c\000o\000m\000p\000l\000e\000t\000e\000\040\000s\000o\000l\000v\000e}{section.5}% 29
\BOOKMARK [2][-]{subsection.5.3}{\376\377\000T\000h\000e\000\040\000`\000`\000S\000o\000l\000v\000e\000\040\000f\000u\000l\000l\000\040\000G\000V\000A\000R\000'\000'\000\040\000b\000u\000t\000t\000o\000n}{section.5}% 30
\BOOKMARK [2][-]{subsection.5.4}{\376\377\000L\000o\000n\000g\000-\000r\000u\000n\000\040\000t\000a\000r\000g\000e\000t\000\040\000s\000p\000i\000l\000l\000o\000v\000e\000r\000s}{section.5}% 31
\BOOKMARK [2][-]{subsection.5.5}{\376\377\000E\000u\000r\000o\000-\000a\000r\000e\000a\000\040\000m\000e\000m\000b\000e\000r\000s\000:\000\040\000o\000n\000e\000\040\000i\000n\000t\000e\000r\000e\000s\000t\000\040\000r\000a\000t\000e\000,\000\040\000o\000n\000e\000\040\000d\000o\000o\000r\000w\000a\000y}{section.5}% 32
\BOOKMARK [1][-]{section.6}{\376\377\000L\000o\000n\000g\000-\000r\000u\000n\000\040\000t\000a\000r\000g\000e\000t\000s}{part.1}% 33
\BOOKMARK [2][-]{subsection.6.1}{\376\377\000S\000e\000t\000\040\000a\000\040\000t\000a\000r\000g\000e\000t}{section.6}% 34
\BOOKMARK [2][-]{subsection.6.2}{\376\377\000S\000e\000e\000\040\000w\000h\000i\000c\000h\000\040\000n\000u\000m\000b\000e\000r\000s\000\040\000a\000r\000e\000\040\000y\000o\000u\000r\000s}{section.6}% 35
\BOOKMARK [2][-]{subsection.6.3}{\376\377\000L\000o\000a\000d\000\040\000t\000h\000e\000\040\000c\000o\000n\000s\000e\000n\000s\000u\000s\000\040\000a\000n\000c\000h\000o\000r\000s}{section.6}% 36
\BOOKMARK [2][-]{subsection.6.4}{\376\377\000B\000r\000i\000n\000g\000\040\000i\000n\000\040\000a\000n\000\040\000o\000u\000t\000s\000i\000d\000e\000\040\000f\000o\000r\000e\000c\000a\000s\000t}{section.6}% 37
\BOOKMARK [2][-]{subsection.6.5}{\376\377\000S\000e\000v\000e\000r\000a\000l\000\040\000t\000a\000r\000g\000e\000t\000s\000\040\000a\000t\000\040\000o\000n\000c\000e\000:\000\040\000P\000e\000r\000-\000v\000a\000r\000i\000a\000b\000l\000e\000\040\000o\000r\000\040\000J\000o\000i\000n\000t}{section.6}% 38
\BOOKMARK [2][-]{subsection.6.6}{\376\377\000G\000r\000e\000y\000e\000d\000-\000o\000u\000t\000\040\000s\000l\000i\000d\000e\000r\000s}{section.6}% 39
\BOOKMARK [2][-]{subsection.6.7}{\376\377\000G\000r\000o\000w\000t\000h\000\040\000t\000a\000r\000g\000e\000t\000s\000\040\000m\000o\000v\000e\000\040\000t\000h\000e\000\040\000d\000e\000b\000t\000\040\000p\000a\000t\000h}{section.6}% 40
\BOOKMARK [2][-]{subsection.6.8}{\376\377\000T\000a\000r\000g\000e\000t\000s\000\040\000a\000n\000d\000\040\000o\000t\000h\000e\000r\000\040\000c\000o\000u\000n\000t\000r\000i\000e\000s}{section.6}% 41
\BOOKMARK [1][-]{section.7}{\376\377\000P\000o\000l\000i\000c\000y\000\040\000c\000o\000u\000n\000t\000e\000r\000f\000a\000c\000t\000u\000a\000l\000s}{part.1}% 42
\BOOKMARK [2][-]{subsection.7.1}{\376\377\000T\000u\000r\000n\000i\000n\000g\000\040\000c\000o\000u\000n\000t\000e\000r\000f\000a\000c\000t\000u\000a\000l\000\040\000m\000o\000d\000e\000\040\000o\000n}{section.7}% 43
\BOOKMARK [2][-]{subsection.7.2}{\376\377\000P\000i\000c\000k\000i\000n\000g\000\040\000a\000\040\000m\000o\000d\000e\000l\000\040\000a\000n\000d\000\040\000a\000\040\000p\000o\000l\000i\000c\000y\000\040\000r\000u\000l\000e}{section.7}% 44
\BOOKMARK [2][-]{subsection.7.3}{\376\377\000S\000e\000t\000t\000i\000n\000g\000\040\000t\000h\000e\000\040\000r\000a\000t\000e\000\040\000a\000d\000j\000u\000s\000t\000m\000e\000n\000t}{section.7}% 45
\BOOKMARK [2][-]{subsection.7.4}{\376\377\000T\000w\000o\000\040\000w\000a\000y\000s\000\040\000t\000h\000e\000\040\000e\000c\000o\000n\000o\000m\000y\000\040\000c\000a\000n\000\040\000r\000e\000s\000p\000o\000n\000d}{section.7}% 46
\BOOKMARK [2][-]{subsection.7.5}{\376\377\000R\000e\000a\000d\000i\000n\000g\000\040\000t\000h\000e\000\040\000r\000e\000s\000u\000l\000t\000,\000\040\000a\000n\000d\000\040\000t\000h\000e\000\040\000L\000e\000v\000e\000l\000\040\000|\000\040\000R\000a\000t\000e\000\040\000\050\000I\000R\000F\000\051\000\040\000t\000o\000g\000g\000l\000e}{section.7}% 47
\BOOKMARK [2][-]{subsection.7.6}{\376\377\000L\000e\000t\000t\000i\000n\000g\000\040\000t\000h\000e\000\040\000t\000o\000o\000l\000\040\000c\000h\000o\000o\000s\000e\000\040\000t\000h\000e\000\040\000r\000a\000t\000e\000\040\000p\000a\000t\000h\000:\000\040\000O\000p\000t\000i\000m\000a\000l\000\040\000\050\000B\000\046\000M\000\051}{section.7}% 48
\BOOKMARK [2][-]{subsection.7.7}{\376\377\000A\000\040\000f\000i\000s\000c\000a\000l\000\040\000l\000e\000v\000e\000r\000\040\000t\000o\000o}{section.7}% 49
\BOOKMARK [1][-]{section.8}{\376\377\000P\000u\000b\000l\000i\000c\000\040\000f\000i\000n\000a\000n\000c\000e\000s\000\040\000a\000n\000d\000\040\000t\000h\000e\000\040\000e\000x\000t\000e\000r\000n\000a\000l\000\040\000a\000c\000c\000o\000u\000n\000t\000s}{part.1}% 50
\BOOKMARK [2][-]{subsection.8.1}{\376\377\000R\000e\000a\000d\000i\000n\000g\000\040\000t\000h\000e\000\040\000f\000i\000s\000c\000a\000l\000\040\000c\000h\000a\000r\000t\000s}{section.8}% 51
\BOOKMARK [2][-]{subsection.8.2}{\376\377\000M\000o\000v\000e\000\040\000t\000h\000e\000\040\000f\000i\000s\000c\000a\000l\000\040\000f\000o\000r\000e\000c\000a\000s\000t\000\040\000t\000h\000r\000o\000u\000g\000h\000\040\000i\000t\000s\000\040\000d\000r\000i\000v\000e\000r\000s}{section.8}% 52
\BOOKMARK [2][-]{subsection.8.3}{\376\377\000S\000e\000t\000\040\000a\000\040\000d\000e\000b\000t\000\040\000p\000a\000t\000h\000\040\000o\000r\000\040\000a\000\040\000p\000r\000i\000m\000a\000r\000y\000-\000b\000a\000l\000a\000n\000c\000e\000\040\000p\000a\000t\000h\000\040\000d\000i\000r\000e\000c\000t\000l\000y}{section.8}% 53
\BOOKMARK [2][-]{subsection.8.4}{\376\377\000L\000o\000n\000g\000-\000r\000u\000n\000\040\000f\000i\000s\000c\000a\000l\000\040\000t\000a\000r\000g\000e\000t\000s}{section.8}% 54
\BOOKMARK [2][-]{subsection.8.5}{\376\377\000T\000h\000e\000\040\000e\000x\000t\000e\000r\000n\000a\000l\000\040\000a\000c\000c\000o\000u\000n\000t\000s}{section.8}% 55
\BOOKMARK [2][-]{subsection.8.6}{\376\377\000W\000h\000i\000c\000h\000\040\000n\000u\000m\000b\000e\000r\000s\000\040\000a\000r\000e\000\040\000m\000o\000d\000e\000l\000l\000i\000n\000g\000\040\000d\000e\000f\000a\000u\000l\000t\000s}{section.8}% 56
\BOOKMARK [1][-]{section.9}{\376\377\000U\000n\000c\000e\000r\000t\000a\000i\000n\000t\000y\000\040\000b\000a\000n\000d\000s}{part.1}% 57
\BOOKMARK [2][-]{subsection.9.1}{\376\377\000T\000h\000e\000\040\000g\000r\000e\000y\000\040\000f\000a\000n\000:\000\040\000t\000h\000e\000\040\000m\000o\000d\000e\000l\000'\000s\000\040\000o\000w\000n\000\040\000r\000a\000n\000g\000e}{section.9}% 58
\BOOKMARK [2][-]{subsection.9.2}{\376\377\000P\000u\000t\000t\000i\000n\000g\000\040\000a\000\040\000b\000a\000n\000d\000\040\000a\000r\000o\000u\000n\000d\000\040\000y\000o\000u\000r\000\040\000s\000c\000e\000n\000a\000r\000i\000o}{section.9}% 59
\BOOKMARK [2][-]{subsection.9.3}{\376\377\000W\000h\000y\000\040\000t\000h\000e\000\040\000b\000a\000n\000d\000\040\000p\000i\000n\000c\000h\000e\000s\000\040\000s\000h\000u\000t\000\040\000a\000t\000\040\000y\000o\000u\000r\000\040\000p\000i\000n\000s}{section.9}% 60
\BOOKMARK [2][-]{subsection.9.4}{\376\377\000L\000o\000n\000g\000-\000r\000u\000n\000\040\000t\000a\000r\000g\000e\000t\000s\000\040\000m\000o\000v\000e\000\040\000t\000h\000e\000\040\000b\000a\000n\000d\000s\000\040\000i\000n\000s\000t\000a\000n\000t\000l\000y}{section.9}% 61
\BOOKMARK [2][-]{subsection.9.5}{\376\377\000E\000x\000p\000e\000r\000i\000m\000e\000n\000t\000a\000l\000:\000\040\000t\000h\000e\000\040\000p\000e\000r\000-\000d\000r\000a\000w\000\040\000c\000r\000o\000s\000s\000-\000c\000o\000u\000n\000t\000r\000y\000\040\000b\000a\000n\000d}{section.9}% 62
\BOOKMARK [1][-]{section.10}{\376\377\000T\000h\000e\000\040\000d\000a\000t\000a\000\040\000b\000e\000h\000i\000n\000d\000\040\000t\000h\000e\000\040\000c\000h\000a\000r\000t\000s}{part.1}% 63
\BOOKMARK [2][-]{subsection.10.1}{\376\377\000W\000h\000a\000t\000\040\000v\000i\000n\000t\000a\000g\000e\000\040\000y\000o\000u\000\040\000a\000r\000e\000\040\000l\000o\000o\000k\000i\000n\000g\000\040\000a\000t}{section.10}% 64
\BOOKMARK [2][-]{subsection.10.2}{\376\377\000O\000b\000s\000e\000r\000v\000e\000d\000\040\000h\000i\000s\000t\000o\000r\000y\000\040\000v\000e\000r\000s\000u\000s\000\040\000m\000o\000d\000e\000l\000-\000f\000i\000l\000l\000e\000d\000\040\000h\000i\000s\000t\000o\000r\000y}{section.10}% 65
\BOOKMARK [2][-]{subsection.10.3}{\376\377\000C\000h\000e\000c\000k\000\040\000w\000h\000e\000r\000e\000\040\000e\000v\000e\000r\000y\000\040\000n\000u\000m\000b\000e\000r\000\040\000c\000o\000m\000e\000s\000\040\000f\000r\000o\000m}{section.10}% 66
\BOOKMARK [2][-]{subsection.10.4}{\376\377\000S\000e\000e\000\040\000h\000o\000w\000\040\000t\000h\000e\000\040\000l\000a\000t\000e\000s\000t\000\040\000d\000a\000t\000a\000\040\000r\000e\000l\000e\000a\000s\000e\000\040\000m\000o\000v\000e\000d\000\040\000t\000h\000e\000\040\000w\000o\000r\000l\000d}{section.10}% 67
\BOOKMARK [2][-]{subsection.10.5}{\376\377\000T\000h\000e\000\040\000u\000p\000d\000a\000t\000e\000\040\000c\000y\000c\000l\000e\000:\000\040\000q\000u\000a\000r\000t\000e\000r\000l\000y\000\040\000s\000h\000i\000f\000t\000s\000,\000\040\000a\000n\000n\000u\000a\000l\000\040\000r\000e\000-\000e\000s\000t\000i\000m\000a\000t\000i\000o\000n}{section.10}% 68
\BOOKMARK [0][-]{part.2}{\376\377\000I\000I\000\040\000H\000o\000w\000\040\000t\000h\000e\000\040\000m\000a\000c\000h\000i\000n\000e\000r\000y\000\040\000w\000o\000r\000k\000s}{}% 69
\BOOKMARK [1][-]{section.11}{\376\377\000S\000y\000s\000t\000e\000m\000\040\000O\000v\000e\000r\000v\000i\000e\000w}{part.2}% 70
\BOOKMARK [2][-]{subsection.11.1}{\376\377\000N\000o\000t\000a\000t\000i\000o\000n}{section.11}% 71
\BOOKMARK [1][-]{section.12}{\376\377\000B\000V\000A\000R\000\040\000E\000s\000t\000i\000m\000a\000t\000i\000o\000n}{part.2}% 72
\BOOKMARK [2][-]{subsection.12.1}{\376\377\000R\000e\000d\000u\000c\000e\000d\000-\000F\000o\000r\000m\000\040\000V\000A\000R}{section.12}% 73
\BOOKMARK [2][-]{subsection.12.2}{\376\377\000D\000a\000t\000a\000\040\000T\000r\000a\000n\000s\000f\000o\000r\000m\000a\000t\000i\000o\000n\000s}{section.12}% 74
\BOOKMARK [2][-]{subsection.12.3}{\376\377\000R\000e\000p\000o\000r\000t\000i\000n\000g\000\040\000U\000n\000i\000t\000s}{section.12}% 75
\BOOKMARK [2][-]{subsection.12.4}{\376\377\000H\000i\000e\000r\000a\000r\000c\000h\000i\000c\000a\000l\000\040\000M\000i\000n\000n\000e\000s\000o\000t\000a\000\040\000P\000r\000i\000o\000r}{section.12}% 76
\BOOKMARK [2][-]{subsection.12.5}{\376\377\000P\000e\000r\000-\000v\000a\000r\000i\000a\000b\000l\000e\000\040\000o\000w\000n\000-\000l\000a\000g\000\040\000p\000r\000i\000o\000r\000\040\000m\000e\000a\000n\000:\000\040\000r\000a\000n\000d\000o\000m\000\040\000w\000a\000l\000k\000\040\000v\000s\000.\000\040\000s\000t\000a\000t\000i\000o\000n\000a\000r\000y}{section.12}% 77
\BOOKMARK [1][-]{section.13}{\376\377\000C\000o\000m\000p\000a\000n\000i\000o\000n\000-\000F\000o\000r\000m\000\040\000S\000t\000a\000t\000e\000\040\000S\000p\000a\000c\000e}{part.2}% 78
\BOOKMARK [2][-]{subsection.13.1}{\376\377\000S\000t\000a\000t\000e\000\040\000V\000e\000c\000t\000o\000r}{section.13}% 79
\BOOKMARK [2][-]{subsection.13.2}{\376\377\000T\000r\000a\000n\000s\000i\000t\000i\000o\000n\000\040\000E\000q\000u\000a\000t\000i\000o\000n}{section.13}% 80
\BOOKMARK [2][-]{subsection.13.3}{\376\377\000O\000b\000s\000e\000r\000v\000a\000t\000i\000o\000n\000\040\000E\000q\000u\000a\000t\000i\000o\000n}{section.13}% 81
\BOOKMARK [2][-]{subsection.13.4}{\376\377\000S\000t\000a\000t\000e\000-\000N\000o\000i\000s\000e\000\040\000C\000o\000v\000a\000r\000i\000a\000n\000c\000e}{section.13}% 82
\BOOKMARK [1][-]{section.14}{\376\377\000K\000a\000l\000m\000a\000n\000\040\000F\000i\000l\000t\000e\000r\000\040\000a\000n\000d\000\040\000S\000m\000o\000o\000t\000h\000e\000r}{part.2}% 83
\BOOKMARK [2][-]{subsection.14.1}{\376\377\000C\000o\000n\000d\000i\000t\000i\000o\000n\000i\000n\000g\000\040\000v\000i\000a\000\040\000P\000a\000r\000t\000i\000a\000l\000\040\000O\000b\000s\000e\000r\000v\000a\000t\000i\000o\000n\000s}{section.14}% 84
\BOOKMARK [2][-]{subsection.14.2}{\376\377\000F\000o\000r\000w\000a\000r\000d\000\040\000P\000a\000s\000s\000:\000\040\000K\000a\000l\000m\000a\000n\000\040\000F\000i\000l\000t\000e\000r}{section.14}% 85
\BOOKMARK [2][-]{subsection.14.3}{\376\377\000B\000a\000c\000k\000w\000a\000r\000d\000\040\000P\000a\000s\000s\000:\000\040\000D\000u\000r\000b\000i\000n\040\023\000K\000o\000o\000p\000m\000a\000n\000\040\000S\000m\000o\000o\000t\000h\000e\000r}{section.14}% 86
\BOOKMARK [2][-]{subsection.14.4}{\376\377\000C\000o\000n\000d\000i\000t\000i\000o\000n\000a\000l\000\040\000F\000o\000r\000e\000c\000a\000s\000t\000\040\000C\000o\000m\000p\000u\000t\000a\000t\000i\000o\000n}{section.14}% 87
\BOOKMARK [2][-]{subsection.14.5}{\376\377\000D\000e\000l\000t\000a\000-\000B\000a\000s\000e\000d\000\040\000D\000i\000s\000p\000l\000a\000y}{section.14}% 88
\BOOKMARK [2][-]{subsection.14.6}{\376\377\000U\000n\000c\000e\000r\000t\000a\000i\000n\000t\000y\000\040\000Q\000u\000a\000n\000t\000i\000f\000i\000c\000a\000t\000i\000o\000n}{section.14}% 89
\BOOKMARK [1][-]{section.15}{\376\377\000P\000o\000l\000i\000c\000y\000\040\000C\000o\000u\000n\000t\000e\000r\000f\000a\000c\000t\000u\000a\000l\000s}{part.2}% 90
\BOOKMARK [2][-]{subsection.15.1}{\376\377\000D\000S\000G\000E\000\040\000I\000m\000p\000u\000l\000s\000e\000\040\000R\000e\000s\000p\000o\000n\000s\000e\000\040\000F\000u\000n\000c\000t\000i\000o\000n\000s}{section.15}% 91
\BOOKMARK [2][-]{subsection.15.2}{\376\377\000M\000o\000n\000e\000t\000a\000r\000y\000\040\000P\000o\000l\000i\000c\000y\000\040\000S\000h\000o\000c\000k\000\040\000I\000n\000v\000e\000r\000s\000i\000o\000n}{section.15}% 92
\BOOKMARK [2][-]{subsection.15.3}{\376\377\000T\000h\000r\000e\000e\000\040\000C\000o\000n\000d\000i\000t\000i\000o\000n\000i\000n\000g\000\040\000M\000o\000d\000e\000s}{section.15}% 93
\BOOKMARK [2][-]{subsection.15.4}{\376\377\000O\000p\000t\000i\000m\000a\000l\000\040\000P\000o\000l\000i\000c\000y\000:\000\040\000B\000a\000r\000n\000i\000c\000h\000o\000n\040\023\000M\000e\000s\000t\000e\000r\000s}{section.15}% 94
\BOOKMARK [1][-]{section.16}{\376\377\000G\000l\000o\000b\000a\000l\000\040\000V\000A\000R\000\040\000\050\000G\000V\000A\000R\000\051\000\040\000a\000n\000d\000\040\000G\000l\000o\000b\000a\000l\000\040\000C\000o\000m\000m\000o\000n\000s}{part.2}% 95
\BOOKMARK [2][-]{subsection.16.1}{\376\377\000A\000r\000c\000h\000i\000t\000e\000c\000t\000u\000r\000e\000:\000\040\000a\000n\000\040\000e\000n\000d\000o\000g\000e\000n\000o\000u\000s\000\040\000U\000S\000\040\000a\000n\000d\000\040\0003\0002\000\040\000p\000a\000r\000t\000n\000e\000r\000\040\000b\000l\000o\000c\000s}{section.16}% 96
\BOOKMARK [2][-]{subsection.16.2}{\376\377\000T\000r\000a\000d\000e\000-\000w\000e\000i\000g\000h\000t\000e\000d\000\040\000s\000t\000a\000r\000\040\000v\000a\000r\000i\000a\000b\000l\000e\000s}{section.16}% 97
\BOOKMARK [2][-]{subsection.16.3}{\376\377\000T\000r\000a\000d\000e\000\040\000w\000e\000i\000g\000h\000t\000s}{section.16}% 98
\BOOKMARK [2][-]{subsection.16.4}{\376\377\000E\000M\000\040\000e\000s\000t\000i\000m\000a\000t\000i\000o\000n\000\040\000o\000f\000\040\000t\000h\000e\000\040\000c\000o\000u\000p\000l\000e\000d\000\040\000s\000y\000s\000t\000e\000m\000:\000\040\000i\000t\000e\000r\000a\000t\000i\000v\000e\000\040\000c\000o\000m\000p\000l\000e\000t\000i\000o\000n\000\040\000o\000f\000\040\000t\000h\000e\000\040\000s\000t\000a\000r\000\040\000v\000a\000r\000i\000a\000b\000l\000e\000s}{section.16}% 99
\BOOKMARK [2][-]{subsection.16.5}{\376\377\000C\000o\000u\000p\000l\000i\000n\000g\000\040\000a\000t\000\040\000s\000o\000l\000v\000e\000\040\000t\000i\000m\000e\000,\000\040\000n\000o\000t\000\040\000e\000s\000t\000i\000m\000a\000t\000i\000o\000n}{section.16}% 100
\BOOKMARK [2][-]{subsection.16.6}{\376\377\000T\000w\000o\000-\000t\000i\000e\000r\000\040\000s\000o\000l\000v\000e\000:\000\040\000l\000i\000v\000e\000\040\000p\000r\000e\000v\000i\000e\000w\000\040\000v\000s\000.\000\040\000t\000h\000e\000\040\000f\000u\000l\000l\000\040\000f\000i\000x\000e\000d\000\040\000p\000o\000i\000n\000t}{section.16}% 101
\BOOKMARK [2][-]{subsection.16.7}{\376\377\000G\000l\000o\000b\000a\000l\000\040\000c\000o\000m\000m\000o\000n\000s\000:\000\040\000U\000S\000-\000d\000e\000t\000e\000r\000m\000i\000n\000e\000d\000\040\000c\000o\000m\000m\000o\000n\000\040\000s\000h\000o\000c\000k\000s}{section.16}% 102
\BOOKMARK [2][-]{subsection.16.8}{\376\377\000R\000e\000l\000a\000t\000i\000o\000n\000\040\000t\000o\000\040\000t\000h\000e\000\040\000f\000i\000s\000c\000a\000l\000\040\000a\000n\000d\000\040\000c\000o\000u\000n\000t\000e\000r\000f\000a\000c\000t\000u\000a\000l\000\040\000l\000a\000y\000e\000r\000s}{section.16}% 103
\BOOKMARK [1][-]{section.17}{\376\377\000F\000i\000s\000c\000a\000l\000\040\000B\000l\000o\000c\000k\000s\000:\000\040\000E\000s\000t\000i\000m\000a\000t\000e\000d\000\040\000D\000r\000i\000v\000e\000r\000s\000\040\000a\000n\000d\000\040\000D\000e\000b\000t\000\040\000A\000c\000c\000o\000u\000n\000t\000i\000n\000g}{part.2}% 104
\BOOKMARK [2][-]{subsection.17.1}{\376\377\000E\000s\000t\000i\000m\000a\000t\000e\000d\000\040\000F\000i\000s\000c\000a\000l\000\040\000D\000r\000i\000v\000e\000r\000s}{section.17}% 105
\BOOKMARK [2][-]{subsection.17.2}{\376\377\000T\000h\000e\000\040\000B\000u\000d\000g\000e\000t\000-\000I\000d\000e\000n\000t\000i\000t\000y\000\040\000R\000e\000c\000u\000r\000s\000i\000o\000n}{section.17}% 106
\BOOKMARK [2][-]{subsection.17.3}{\376\377\000D\000e\000b\000t\000-\000F\000e\000e\000d\000b\000a\000c\000k\000\040\000C\000h\000a\000n\000n\000e\000l\000s\000\040\000\050\000d\000o\000r\000m\000a\000n\000t\000;\000\040\000p\000o\000s\000s\000i\000b\000l\000e\000\040\000f\000u\000t\000u\000r\000e\000\040\000e\000x\000t\000e\000n\000s\000i\000o\000n\000\051}{section.17}% 107
\BOOKMARK [2][-]{subsection.17.4}{\376\377\000D\000e\000b\000t\000-\000T\000a\000r\000g\000e\000t\000i\000n\000g\000\040\000I\000n\000v\000e\000r\000s\000i\000o\000n}{section.17}% 108
\BOOKMARK [2][-]{subsection.17.5}{\376\377\000D\000i\000s\000p\000l\000a\000y\000\040\000L\000a\000y\000o\000u\000t}{section.17}% 109
\BOOKMARK [2][-]{subsection.17.6}{\376\377\000D\000a\000t\000a\000\040\000T\000r\000e\000a\000t\000m\000e\000n\000t\000:\000\040\000t\000h\000e\000\040\000U\000.\000K\000.\000\040\000I\000n\000d\000e\000x\000-\000L\000i\000n\000k\000e\000d\000-\000G\000i\000l\000t\000\040\000S\000p\000i\000k\000e}{section.17}% 110
\BOOKMARK [1][-]{section.18}{\376\377\000L\000o\000n\000g\000-\000R\000u\000n\000\040\000T\000a\000r\000g\000e\000t\000s\000:\000\040\000I\000n\000-\000P\000r\000i\000o\000r\000\040\000P\000r\000i\000o\000r\000\040\000v\000s\000\040\000t\000h\000e\000\040\000F\000o\000r\000w\000a\000r\000d\000-\000P\000a\000s\000s\000\040\000D\000r\000i\000f\000t\000\040\000S\000e\000t\000t\000e\000r}{part.2}% 111
\BOOKMARK [2][-]{subsection.18.1}{\376\377\000I\000n\000-\000P\000r\000i\000o\000r\000\040\000L\000o\000n\000g\000-\000R\000u\000n\000\040\000P\000r\000i\000o\000r\000\040\000\050\000P\000L\000R\000\051}{section.18}% 112
\BOOKMARK [2][-]{subsection.18.2}{\376\377\000T\000h\000e\000\040\000F\000o\000r\000w\000a\000r\000d\000-\000P\000a\000s\000s\000\040\000D\000r\000i\000f\000t\000\040\000S\000e\000t\000t\000e\000r\000\040\000\050\000c\000\051}{section.18}% 113
\BOOKMARK [2][-]{subsection.18.3}{\376\377\000W\000h\000e\000n\000\040\000t\000o\000\040\000U\000s\000e\000\040\000W\000h\000i\000c\000h}{section.18}% 114
\BOOKMARK [1][-]{section.19}{\376\377\000E\000c\000o\000n\000o\000m\000y\000\040\000C\000o\000v\000e\000r\000a\000g\000e\000,\000\040\000D\000a\000t\000a\000\040\000S\000o\000u\000r\000c\000e\000s\000,\000\040\000a\000n\000d\000\040\000E\000s\000t\000i\000m\000a\000t\000i\000o\000n}{part.2}% 115
\BOOKMARK [2][-]{subsection.19.1}{\376\377\000T\000h\000e\000\040\000G\000V\000A\000R\000\040\000S\000y\000s\000t\000e\000m\000:\000\040\0003\0003\000\040\000I\000n\000t\000e\000g\000r\000a\000t\000e\000d\000\040\000B\000l\000o\000c\000s}{section.19}% 116
\BOOKMARK [2][-]{subsection.19.2}{\376\377\000S\000t\000a\000n\000d\000a\000l\000o\000n\000e\000\040\000S\000i\000n\000g\000l\000e\000-\000C\000o\000u\000n\000t\000r\000y\000\040\000B\000l\000o\000c\000s}{section.19}% 117
\BOOKMARK [2][-]{subsection.19.3}{\376\377\000D\000a\000t\000a\000\040\000S\000o\000u\000r\000c\000e\000s}{section.19}% 118
\BOOKMARK [2][-]{subsection.19.4}{\376\377\000C\000O\000V\000I\000D\000-\000a\000s\000-\000M\000i\000s\000s\000i\000n\000g\000\040\000E\000s\000t\000i\000m\000a\000t\000i\000o\000n}{section.19}% 119
\BOOKMARK [2][-]{subsection.19.5}{\376\377\000C\000o\000m\000m\000o\000n\000-\000V\000i\000n\000t\000a\000g\000e\000\040\000H\000a\000r\000m\000o\000n\000i\000z\000a\000t\000i\000o\000n\000\040\000a\000n\000d\000\040\000t\000h\000e\000\040\0002\0000\0002\0006\000Q\0001\000\040\000O\000b\000s\000e\000r\000v\000e\000d\000\040\000R\000e\000f\000r\000e\000s\000h}{section.19}% 120
\BOOKMARK [2][-]{subsection.19.6}{\376\377\000P\000r\000e\000d\000i\000c\000t\000i\000v\000e\000\040\000U\000n\000c\000e\000r\000t\000a\000i\000n\000t\000y\000\040\000B\000a\000n\000d\000s}{section.19}% 121
\BOOKMARK [2][-]{subsection.19.7}{\376\377\000U\000S\000\040\000S\000p\000e\000c\000i\000f\000i\000c\000a\000t\000i\000o\000n}{section.19}% 122
\BOOKMARK [2][-]{subsection.19.8}{\376\377\000V\000a\000r\000i\000a\000b\000l\000e\000\040\000T\000r\000a\000n\000s\000f\000o\000r\000m\000a\000t\000i\000o\000n\000s\000,\000\040\000P\000r\000i\000o\000r\000s\000,\000\040\000a\000n\000d\000\040\000F\000i\000n\000a\000n\000c\000i\000a\000l\000\040\000T\000a\000g\000s\000\040\000b\000y\000\040\000E\000c\000o\000n\000o\000m\000y}{section.19}% 123
\BOOKMARK [1][-]{section.20}{\376\377\000P\000e\000r\000-\000C\000o\000u\000n\000t\000r\000y\000\040\000D\000a\000t\000a\000\040\000S\000o\000u\000r\000c\000e\000s\000\040\000a\000n\000d\000\040\000T\000r\000a\000n\000s\000f\000o\000r\000m\000a\000t\000i\000o\000n\000s}{part.2}% 124
\BOOKMARK [2][-]{subsection.20.1}{\376\377\000P\000e\000r\000-\000E\000c\000o\000n\000o\000m\000y\000\040\000D\000a\000t\000a\000\040\000D\000o\000c\000u\000m\000e\000n\000t\000a\000t\000i\000o\000n\000:\000\040\000t\000h\000e\000\040\000S\000i\000x\000\040\000C\000o\000r\000e\000\040\000B\000l\000o\000c\000s}{section.20}% 125
\BOOKMARK [2][-]{subsection.20.2}{\376\377\000U\000n\000i\000t\000e\000d\000\040\000S\000t\000a\000t\000e\000s\000\040\000\050\000U\000S\000\051}{section.20}% 126
\BOOKMARK [2][-]{subsection.20.3}{\376\377\000E\000u\000r\000o\000\040\000A\000r\000e\000a\000\040\000\050\000E\000A\000\051}{section.20}% 127
\BOOKMARK [2][-]{subsection.20.4}{\376\377\000J\000a\000p\000a\000n\000\040\000\050\000J\000P\000\051}{section.20}% 128
\BOOKMARK [2][-]{subsection.20.5}{\376\377\000U\000n\000i\000t\000e\000d\000\040\000K\000i\000n\000g\000d\000o\000m\000\040\000\050\000U\000K\000\051}{section.20}% 129
\BOOKMARK [2][-]{subsection.20.6}{\376\377\000C\000a\000n\000a\000d\000a\000\040\000\050\000C\000A\000\051}{section.20}% 130
\BOOKMARK [2][-]{subsection.20.7}{\376\377\000C\000h\000i\000n\000a\000\040\000\050\000C\000N\000\051}{section.20}% 131
\BOOKMARK [2][-]{subsection.20.8}{\376\377\000E\000u\000r\000o\000-\000c\000o\000r\000e\000\040\000s\000i\000n\000g\000l\000e\000-\000c\000o\000u\000n\000t\000r\000y\000\040\000B\000V\000A\000R\000s\000\040\000\050\000A\000T\000,\000\040\000B\000E\000,\000\040\000D\000E\000,\000\040\000F\000R\000,\000\040\000N\000L\000\051}{section.20}% 132
\BOOKMARK [2][-]{subsection.20.9}{\376\377\000A\000u\000s\000t\000r\000i\000a\000\040\000\050\000A\000T\000\051}{section.20}% 133
\BOOKMARK [2][-]{subsection.20.10}{\376\377\000B\000e\000l\000g\000i\000u\000m\000\040\000\050\000B\000E\000\051}{section.20}% 134
\BOOKMARK [2][-]{subsection.20.11}{\376\377\000G\000e\000r\000m\000a\000n\000y\000\040\000\050\000D\000E\000\051}{section.20}% 135
\BOOKMARK [2][-]{subsection.20.12}{\376\377\000F\000r\000a\000n\000c\000e\000\040\000\050\000F\000R\000\051}{section.20}% 136
\BOOKMARK [2][-]{subsection.20.13}{\376\377\000N\000e\000t\000h\000e\000r\000l\000a\000n\000d\000s\000\040\000\050\000N\000L\000\051}{section.20}% 137
\BOOKMARK [2][-]{subsection.20.14}{\376\377\000E\000u\000r\000o\000-\000a\000r\000e\000a\000\040\000p\000e\000r\000i\000p\000h\000e\000r\000y\000:\000\040\000d\000a\000t\000a\000\040\000c\000o\000n\000v\000e\000n\000t\000i\000o\000n\000s\000\040\000\050\000E\000S\000,\000\040\000I\000T\000,\000\040\000I\000E\000,\000\040\000P\000T\000,\000\040\000G\000R\000\051}{section.20}% 138
\BOOKMARK [2][-]{subsection.20.15}{\376\377\000S\000p\000a\000i\000n\000\040\000\050\000E\000S\000\051}{section.20}% 139
\BOOKMARK [2][-]{subsection.20.16}{\376\377\000I\000t\000a\000l\000y\000\040\000\050\000I\000T\000\051}{section.20}% 140
\BOOKMARK [2][-]{subsection.20.17}{\376\377\000I\000r\000e\000l\000a\000n\000d\000\040\000\050\000I\000E\000\051}{section.20}% 141
\BOOKMARK [2][-]{subsection.20.18}{\376\377\000P\000o\000r\000t\000u\000g\000a\000l\000\040\000\050\000P\000T\000\051}{section.20}% 142
\BOOKMARK [2][-]{subsection.20.19}{\376\377\000G\000r\000e\000e\000c\000e\000\040\000\050\000G\000R\000\051}{section.20}% 143
\BOOKMARK [2][-]{subsection.20.20}{\376\377\000E\000u\000r\000o\000-\000a\000r\000e\000a\000\040\000s\000m\000a\000l\000l\000\040\000m\000e\000m\000b\000e\000r\000s\000:\000\040\000d\000a\000t\000a\000\040\000c\000o\000n\000v\000e\000n\000t\000i\000o\000n\000s}{section.20}% 144
\BOOKMARK [2][-]{subsection.20.21}{\376\377\000E\000s\000t\000o\000n\000i\000a\000\040\000\050\000E\000E\000\051}{section.20}% 145
\BOOKMARK [2][-]{subsection.20.22}{\376\377\000F\000i\000n\000l\000a\000n\000d\000\040\000\050\000F\000I\000\051}{section.20}% 146
\BOOKMARK [2][-]{subsection.20.23}{\376\377\000L\000u\000x\000e\000m\000b\000o\000u\000r\000g\000\040\000\050\000L\000U\000\051}{section.20}% 147
\BOOKMARK [2][-]{subsection.20.24}{\376\377\000L\000a\000t\000v\000i\000a\000\040\000\050\000L\000V\000\051}{section.20}% 148
\BOOKMARK [2][-]{subsection.20.25}{\376\377\000L\000i\000t\000h\000u\000a\000n\000i\000a\000\040\000\050\000L\000T\000\051}{section.20}% 149
\BOOKMARK [2][-]{subsection.20.26}{\376\377\000S\000l\000o\000v\000a\000k\000i\000a\000\040\000\050\000S\000K\000\051}{section.20}% 150
\BOOKMARK [2][-]{subsection.20.27}{\376\377\000S\000l\000o\000v\000e\000n\000i\000a\000\040\000\050\000S\000I\000\051}{section.20}% 151
\BOOKMARK [2][-]{subsection.20.28}{\376\377\000E\000U\000\040\000n\000o\000n\000-\000e\000u\000r\000o\000\040\000a\000n\000d\000\040\000h\000a\000r\000d\000-\000g\000a\000p\000\040\000s\000m\000a\000l\000l\000\040\000b\000l\000o\000c\000s\000:\000\040\000d\000a\000t\000a\000\040\000c\000o\000n\000v\000e\000n\000t\000i\000o\000n\000s}{section.20}% 152
\BOOKMARK [2][-]{subsection.20.29}{\376\377\000C\000z\000e\000c\000h\000i\000a\000\040\000\050\000C\000Z\000\051}{section.20}% 153
\BOOKMARK [2][-]{subsection.20.30}{\376\377\000H\000u\000n\000g\000a\000r\000y\000\040\000\050\000H\000U\000\051}{section.20}% 154
\BOOKMARK [2][-]{subsection.20.31}{\376\377\000P\000o\000l\000a\000n\000d\000\040\000\050\000P\000L\000\051}{section.20}% 155
\BOOKMARK [2][-]{subsection.20.32}{\376\377\000C\000o\000s\000t\000a\000\040\000R\000i\000c\000a\000\040\000\050\000C\000R\000\051}{section.20}% 156
\BOOKMARK [2][-]{subsection.20.33}{\376\377\000I\000c\000e\000l\000a\000n\000d\000\040\000\050\000I\000S\000\051}{section.20}% 157
\BOOKMARK [2][-]{subsection.20.34}{\376\377\000A\000d\000v\000a\000n\000c\000e\000d\000-\000E\000c\000o\000n\000o\000m\000y\000\040\000B\000l\000o\000c\000s\000:\000\040\000P\000e\000r\000-\000V\000a\000r\000i\000a\000b\000l\000e\000\040\000D\000a\000t\000a\000\040\000P\000r\000o\000v\000e\000n\000a\000n\000c\000e}{section.20}% 158
\BOOKMARK [2][-]{subsection.20.35}{\376\377\000A\000u\000s\000t\000r\000a\000l\000i\000a\000\040\000\050\000A\000U\000\051}{section.20}% 159
\BOOKMARK [2][-]{subsection.20.36}{\376\377\000S\000w\000i\000t\000z\000e\000r\000l\000a\000n\000d\000\040\000\050\000C\000H\000\051}{section.20}% 160
\BOOKMARK [2][-]{subsection.20.37}{\376\377\000D\000e\000n\000m\000a\000r\000k\000\040\000\050\000D\000K\000\051}{section.20}% 161
\BOOKMARK [2][-]{subsection.20.38}{\376\377\000N\000o\000r\000w\000a\000y\000\040\000\050\000N\000O\000\051}{section.20}% 162
\BOOKMARK [2][-]{subsection.20.39}{\376\377\000S\000w\000e\000d\000e\000n\000\040\000\050\000S\000E\000\051}{section.20}% 163
\BOOKMARK [2][-]{subsection.20.40}{\376\377\000N\000e\000w\000\040\000Z\000e\000a\000l\000a\000n\000d\000\040\000\050\000N\000Z\000\051}{section.20}% 164
\BOOKMARK [2][-]{subsection.20.41}{\376\377\000K\000o\000r\000e\000a\000\040\000\050\000K\000R\000\051}{section.20}% 165
\BOOKMARK [2][-]{subsection.20.42}{\376\377\000I\000s\000r\000a\000e\000l\000\040\000\050\000I\000L\000\051}{section.20}% 166
\BOOKMARK [2][-]{subsection.20.43}{\376\377\000E\000m\000e\000r\000g\000i\000n\000g\000-\000m\000a\000r\000k\000e\000t\000\040\000b\000l\000o\000c\000s\000\040\000I\000:\000\040\000B\000R\000,\000\040\000M\000X\000,\000\040\000C\000L\000,\000\040\000C\000O\000,\000\040\000I\000N\000,\000\040\000I\000D}{section.20}% 167
\BOOKMARK [2][-]{subsection.20.44}{\376\377\000B\000r\000a\000z\000i\000l\000\040\000\050\000B\000R\000\051}{section.20}% 168
\BOOKMARK [2][-]{subsection.20.45}{\376\377\000M\000e\000x\000i\000c\000o\000\040\000\050\000M\000X\000\051}{section.20}% 169
\BOOKMARK [2][-]{subsection.20.46}{\376\377\000C\000h\000i\000l\000e\000\040\000\050\000C\000L\000\051}{section.20}% 170
\BOOKMARK [2][-]{subsection.20.47}{\376\377\000C\000o\000l\000o\000m\000b\000i\000a\000\040\000\050\000C\000O\000\051}{section.20}% 171
\BOOKMARK [2][-]{subsection.20.48}{\376\377\000I\000n\000d\000i\000a\000\040\000\050\000I\000N\000\051}{section.20}% 172
\BOOKMARK [2][-]{subsection.20.49}{\376\377\000I\000n\000d\000o\000n\000e\000s\000i\000a\000\040\000\050\000I\000D\000\051}{section.20}% 173
\BOOKMARK [2][-]{subsection.20.50}{\376\377\000E\000m\000e\000r\000g\000i\000n\000g\000\040\000m\000a\000r\000k\000e\000t\000s\000\040\000I\000I\000:\000\040\000d\000a\000t\000a\000\040\000c\000o\000n\000v\000e\000n\000t\000i\000o\000n\000s\000\040\000\050\000T\000R\000,\000\040\000Z\000A\000,\000\040\000S\000A\000,\000\040\000A\000R\000,\000\040\000R\000U\000,\000\040\000T\000H\000,\000\040\000M\000Y\000,\000\040\000T\000W\000\051}{section.20}% 174
\BOOKMARK [2][-]{subsection.20.51}{\376\377\000T\000\374\000r\000k\000i\000y\000e\000\040\000\050\000T\000R\000\051}{section.20}% 175
\BOOKMARK [2][-]{subsection.20.52}{\376\377\000S\000o\000u\000t\000h\000\040\000A\000f\000r\000i\000c\000a\000\040\000\050\000Z\000A\000\051}{section.20}% 176
\BOOKMARK [2][-]{subsection.20.53}{\376\377\000S\000a\000u\000d\000i\000\040\000A\000r\000a\000b\000i\000a\000\040\000\050\000S\000A\000\051}{section.20}% 177
\BOOKMARK [2][-]{subsection.20.54}{\376\377\000A\000r\000g\000e\000n\000t\000i\000n\000a\000\040\000\050\000A\000R\000\051}{section.20}% 178
\BOOKMARK [2][-]{subsection.20.55}{\376\377\000R\000u\000s\000s\000i\000a\000\040\000\050\000R\000U\000\051}{section.20}% 179
\BOOKMARK [2][-]{subsection.20.56}{\376\377\000T\000h\000a\000i\000l\000a\000n\000d\000\040\000\050\000T\000H\000\051}{section.20}% 180
\BOOKMARK [2][-]{subsection.20.57}{\376\377\000M\000a\000l\000a\000y\000s\000i\000a\000\040\000\050\000M\000Y\000\051}{section.20}% 181
\BOOKMARK [2][-]{subsection.20.58}{\376\377\000T\000a\000i\000w\000a\000n\000,\000\040\000P\000r\000o\000v\000i\000n\000c\000e\000\040\000o\000f\000\040\000C\000h\000i\000n\000a\000\040\000\050\000T\000W\000\051}{section.20}% 182
\BOOKMARK [2][-]{subsection.20.59}{\376\377\000C\000o\000u\000n\000t\000r\000y\000V\000a\000r\000i\000a\000b\000l\000e\000\040\000C\000o\000v\000e\000r\000a\000g\000e\000\040\000M\000a\000t\000r\000i\000x}{section.20}% 183
\BOOKMARK [1][-]{section.21}{\376\377\000T\000e\000c\000h\000n\000i\000c\000a\000l\000\040\000N\000o\000t\000e\000s}{part.2}% 184
\BOOKMARK [2][-]{subsection.21.1}{\376\377\000C\000l\000i\000e\000n\000t\000-\000S\000i\000d\000e\000\040\000C\000o\000m\000p\000u\000t\000a\000t\000i\000o\000n}{section.21}% 185
\BOOKMARK [2][-]{subsection.21.2}{\376\377\000P\000e\000r\000f\000o\000r\000m\000a\000n\000c\000e\000\040\000O\000p\000t\000i\000m\000i\000z\000a\000t\000i\000o\000n\000s}{section.21}% 186
\BOOKMARK [2][-]{subsection.21.3}{\376\377\000I\000n\000t\000e\000r\000a\000c\000t\000i\000v\000e\000\040\000G\000V\000A\000R\000\040\000A\000r\000c\000h\000i\000t\000e\000c\000t\000u\000r\000e\000:\000\040\000k\000e\000e\000p\000i\000n\000g\000\040\000t\000h\000e\000\040\000h\000e\000a\000v\000y\000\040\000s\000o\000l\000v\000e\000\040\000o\000f\000f\000\040\000t\000h\000e\000\040\000d\000r\000a\000g\000\040\000p\000a\000t\000h}{section.21}% 187
\BOOKMARK [2][-]{subsection.21.4}{\376\377\000N\000u\000m\000e\000r\000i\000c\000a\000l\000\040\000C\000o\000n\000v\000e\000n\000t\000i\000o\000n\000s}{section.21}% 188
\BOOKMARK [2][-]{subsection.21.5}{\376\377\000I\000d\000e\000n\000t\000i\000f\000i\000a\000b\000i\000l\000i\000t\000y\000\040\000a\000n\000d\000\040\000W\000e\000a\000k\000\040\000E\000x\000o\000g\000e\000n\000e\000i\000t\000y}{section.21}% 189
\BOOKMARK [1][-]{section.22}{\376\377\000R\000e\000p\000r\000o\000d\000u\000c\000i\000b\000i\000l\000i\000t\000y\000\040\000a\000n\000d\000\040\000R\000e\000p\000l\000i\000c\000a\000t\000i\000o\000n}{part.2}% 190
\BOOKMARK [2][-]{subsection.22.1}{\376\377\000R\000e\000p\000o\000s\000i\000t\000o\000r\000y\000\040\000a\000n\000d\000\040\000F\000o\000l\000d\000e\000r\000\040\000M\000a\000p}{section.22}% 191
\BOOKMARK [2][-]{subsection.22.2}{\376\377\000S\000o\000f\000t\000w\000a\000r\000e\000\040\000D\000e\000p\000e\000n\000d\000e\000n\000c\000i\000e\000s}{section.22}% 192
\BOOKMARK [2][-]{subsection.22.3}{\376\377\000E\000n\000d\000-\000t\000o\000-\000E\000n\000d\000\040\000R\000e\000p\000l\000i\000c\000a\000t\000i\000o\000n\000\040\000R\000e\000c\000i\000p\000e}{section.22}% 193
\BOOKMARK [2][-]{subsection.22.4}{\376\377\000M\000o\000d\000e\000l\000-\000S\000i\000g\000n\000a\000t\000u\000r\000e\000\040\000V\000e\000r\000s\000i\000o\000n\000i\000n\000g}{section.22}% 194
\BOOKMARK [1][-]{section.23}{\376\377\000E\000m\000p\000i\000r\000i\000c\000a\000l\000\040\000R\000e\000s\000u\000l\000t\000s}{part.2}% 195
\BOOKMARK [2][-]{subsection.23.1}{\376\377\000I\000n\000-\000s\000a\000m\000p\000l\000e\000\040\000d\000i\000a\000g\000n\000o\000s\000t\000i\000c\000s}{section.23}% 196
\BOOKMARK [2][-]{subsection.23.2}{\376\377\000O\000u\000t\000-\000o\000f\000-\000s\000a\000m\000p\000l\000e\000\040\000f\000o\000r\000e\000c\000a\000s\000t\000\040\000h\000o\000r\000s\000e\000\040\000r\000a\000c\000e}{section.23}% 197
\BOOKMARK [3][-]{subsubsection.23.2.1}{\376\377\000M\000o\000d\000e\000l\000\040\000s\000e\000t}{subsection.23.2}% 198
\BOOKMARK [3][-]{subsubsection.23.2.2}{\376\377\000S\000c\000h\000e\000m\000e\000:\000\040\000r\000e\000c\000u\000r\000s\000i\000v\000e\000\040\000e\000x\000p\000a\000n\000d\000i\000n\000g\000\040\000w\000i\000n\000d\000o\000w}{subsection.23.2}% 199
\BOOKMARK [3][-]{subsubsection.23.2.3}{\376\377\000S\000c\000o\000r\000i\000n\000g\000\040\000a\000n\000d\000\040\000i\000n\000f\000e\000r\000e\000n\000c\000e}{subsection.23.2}% 200
\BOOKMARK [3][-]{subsubsection.23.2.4}{\376\377\000R\000e\000s\000u\000l\000t\000s}{subsection.23.2}% 201
\BOOKMARK [2][-]{subsection.23.3}{\376\377\000E\000n\000d\000o\000g\000e\000n\000o\000u\000s\000-\000U\000S\000\040\000s\000p\000i\000l\000l\000o\000v\000e\000r\000\040\000a\000n\000a\000l\000y\000s\000i\000s}{section.23}% 202
\BOOKMARK [1][-]{section.24}{\376\377\000D\000i\000s\000c\000u\000s\000s\000i\000o\000n}{part.2}% 203
\BOOKMARK [2][-]{subsection.24.1}{\376\377\000D\000e\000s\000i\000g\000n\000\040\000P\000h\000i\000l\000o\000s\000o\000p\000h\000y}{section.24}% 204
\BOOKMARK [2][-]{subsection.24.2}{\376\377\000L\000i\000m\000i\000t\000a\000t\000i\000o\000n\000s}{section.24}% 205
\BOOKMARK [2][-]{subsection.24.3}{\376\377\000K\000n\000o\000w\000n\000\040\000i\000s\000s\000u\000e\000s\000\040\000f\000l\000a\000g\000g\000e\000d\000\040\000f\000o\000r\000\040\000f\000i\000x}{section.24}% 206
\BOOKMARK [2][-]{subsection.24.4}{\376\377\000D\000i\000r\000e\000c\000t\000i\000o\000n\000s\000\040\000f\000o\000r\000\040\000F\000u\000t\000u\000r\000e\000\040\000W\000o\000r\000k}{section.24}% 207
\BOOKMARK [1][-]{appendix.A}{\376\377\000G\000l\000o\000s\000s\000a\000r\000y\000\040\000o\000f\000\040\000t\000e\000r\000m\000s}{part.2}% 208
\BOOKMARK [1][-]{section*.240}{\376\377\000A\000c\000k\000n\000o\000w\000l\000e\000d\000g\000m\000e\000n\000t\000s}{part.2}% 209
