\BOOKMARK [1][-]{section.1}{\376\377\000I\000n\000t\000r\000o\000d\000u\000c\000t\000i\000o\000n}{}% 1
\BOOKMARK [2][-]{subsection.1.1}{\376\377\000N\000o\000t\000a\000t\000i\000o\000n}{section.1}% 2
\BOOKMARK [1][-]{section.2}{\376\377\000B\000V\000A\000R\000\040\000E\000s\000t\000i\000m\000a\000t\000i\000o\000n}{}% 3
\BOOKMARK [2][-]{subsection.2.1}{\376\377\000R\000e\000d\000u\000c\000e\000d\000-\000F\000o\000r\000m\000\040\000V\000A\000R}{section.2}% 4
\BOOKMARK [2][-]{subsection.2.2}{\376\377\000D\000a\000t\000a\000\040\000T\000r\000a\000n\000s\000f\000o\000r\000m\000a\000t\000i\000o\000n\000s}{section.2}% 5
\BOOKMARK [2][-]{subsection.2.3}{\376\377\000R\000e\000p\000o\000r\000t\000i\000n\000g\000\040\000U\000n\000i\000t\000s}{section.2}% 6
\BOOKMARK [2][-]{subsection.2.4}{\376\377\000H\000i\000e\000r\000a\000r\000c\000h\000i\000c\000a\000l\000\040\000M\000i\000n\000n\000e\000s\000o\000t\000a\000\040\000P\000r\000i\000o\000r}{section.2}% 7
\BOOKMARK [2][-]{subsection.2.5}{\376\377\000P\000e\000r\000-\000v\000a\000r\000i\000a\000b\000l\000e\000\040\000o\000w\000n\000-\000l\000a\000g\000\040\000p\000r\000i\000o\000r\000\040\000m\000e\000a\000n\000:\000\040\000r\000a\000n\000d\000o\000m\000\040\000w\000a\000l\000k\000\040\000v\000s\000.\000\040\000s\000t\000a\000t\000i\000o\000n\000a\000r\000y}{section.2}% 8
\BOOKMARK [1][-]{section.3}{\376\377\000C\000o\000m\000p\000a\000n\000i\000o\000n\000-\000F\000o\000r\000m\000\040\000S\000t\000a\000t\000e\000\040\000S\000p\000a\000c\000e}{}% 9
\BOOKMARK [2][-]{subsection.3.1}{\376\377\000S\000t\000a\000t\000e\000\040\000V\000e\000c\000t\000o\000r}{section.3}% 10
\BOOKMARK [2][-]{subsection.3.2}{\376\377\000T\000r\000a\000n\000s\000i\000t\000i\000o\000n\000\040\000E\000q\000u\000a\000t\000i\000o\000n}{section.3}% 11
\BOOKMARK [2][-]{subsection.3.3}{\376\377\000O\000b\000s\000e\000r\000v\000a\000t\000i\000o\000n\000\040\000E\000q\000u\000a\000t\000i\000o\000n}{section.3}% 12
\BOOKMARK [2][-]{subsection.3.4}{\376\377\000S\000t\000a\000t\000e\000-\000N\000o\000i\000s\000e\000\040\000C\000o\000v\000a\000r\000i\000a\000n\000c\000e}{section.3}% 13
\BOOKMARK [1][-]{section.4}{\376\377\000K\000a\000l\000m\000a\000n\000\040\000F\000i\000l\000t\000e\000r\000\040\000a\000n\000d\000\040\000S\000m\000o\000o\000t\000h\000e\000r}{}% 14
\BOOKMARK [2][-]{subsection.4.1}{\376\377\000C\000o\000n\000d\000i\000t\000i\000o\000n\000i\000n\000g\000\040\000v\000i\000a\000\040\000P\000a\000r\000t\000i\000a\000l\000\040\000O\000b\000s\000e\000r\000v\000a\000t\000i\000o\000n\000s}{section.4}% 15
\BOOKMARK [2][-]{subsection.4.2}{\376\377\000F\000o\000r\000w\000a\000r\000d\000\040\000P\000a\000s\000s\000:\000\040\000K\000a\000l\000m\000a\000n\000\040\000F\000i\000l\000t\000e\000r}{section.4}% 16
\BOOKMARK [2][-]{subsection.4.3}{\376\377\000B\000a\000c\000k\000w\000a\000r\000d\000\040\000P\000a\000s\000s\000:\000\040\000D\000u\000r\000b\000i\000n\040\023\000K\000o\000o\000p\000m\000a\000n\000\040\000S\000m\000o\000o\000t\000h\000e\000r}{section.4}% 17
\BOOKMARK [2][-]{subsection.4.4}{\376\377\000C\000o\000n\000d\000i\000t\000i\000o\000n\000a\000l\000\040\000F\000o\000r\000e\000c\000a\000s\000t\000\040\000C\000o\000m\000p\000u\000t\000a\000t\000i\000o\000n}{section.4}% 18
\BOOKMARK [2][-]{subsection.4.5}{\376\377\000D\000e\000l\000t\000a\000-\000B\000a\000s\000e\000d\000\040\000D\000i\000s\000p\000l\000a\000y}{section.4}% 19
\BOOKMARK [2][-]{subsection.4.6}{\376\377\000U\000n\000c\000e\000r\000t\000a\000i\000n\000t\000y\000\040\000Q\000u\000a\000n\000t\000i\000f\000i\000c\000a\000t\000i\000o\000n}{section.4}% 20
\BOOKMARK [1][-]{section.5}{\376\377\000P\000o\000l\000i\000c\000y\000\040\000C\000o\000u\000n\000t\000e\000r\000f\000a\000c\000t\000u\000a\000l\000s}{}% 21
\BOOKMARK [2][-]{subsection.5.1}{\376\377\000D\000S\000G\000E\000\040\000I\000m\000p\000u\000l\000s\000e\000\040\000R\000e\000s\000p\000o\000n\000s\000e\000\040\000F\000u\000n\000c\000t\000i\000o\000n\000s}{section.5}% 22
\BOOKMARK [2][-]{subsection.5.2}{\376\377\000M\000o\000n\000e\000t\000a\000r\000y\000\040\000P\000o\000l\000i\000c\000y\000\040\000S\000h\000o\000c\000k\000\040\000I\000n\000v\000e\000r\000s\000i\000o\000n}{section.5}% 23
\BOOKMARK [2][-]{subsection.5.3}{\376\377\000T\000h\000r\000e\000e\000\040\000C\000o\000n\000d\000i\000t\000i\000o\000n\000i\000n\000g\000\040\000M\000o\000d\000e\000s}{section.5}% 24
\BOOKMARK [2][-]{subsection.5.4}{\376\377\000O\000p\000t\000i\000m\000a\000l\000\040\000P\000o\000l\000i\000c\000y\000:\000\040\000B\000a\000r\000n\000i\000c\000h\000o\000n\040\023\000M\000e\000s\000t\000e\000r\000s}{section.5}% 25
\BOOKMARK [1][-]{section.6}{\376\377\000G\000l\000o\000b\000a\000l\000\040\000V\000A\000R\000\040\000\050\000G\000V\000A\000R\000\051\000\040\000a\000n\000d\000\040\000G\000l\000o\000b\000a\000l\000\040\000C\000o\000m\000m\000o\000n\000s}{}% 26
\BOOKMARK [2][-]{subsection.6.1}{\376\377\000A\000r\000c\000h\000i\000t\000e\000c\000t\000u\000r\000e\000:\000\040\000a\000n\000\040\000e\000n\000d\000o\000g\000e\000n\000o\000u\000s\000\040\000U\000S\000\040\000a\000n\000d\000\040\0003\0002\000\040\000p\000a\000r\000t\000n\000e\000r\000\040\000b\000l\000o\000c\000s}{section.6}% 27
\BOOKMARK [2][-]{subsection.6.2}{\376\377\000T\000r\000a\000d\000e\000-\000w\000e\000i\000g\000h\000t\000e\000d\000\040\000s\000t\000a\000r\000\040\000v\000a\000r\000i\000a\000b\000l\000e\000s}{section.6}% 28
\BOOKMARK [2][-]{subsection.6.3}{\376\377\000T\000r\000a\000d\000e\000\040\000w\000e\000i\000g\000h\000t\000s}{section.6}% 29
\BOOKMARK [2][-]{subsection.6.4}{\376\377\000E\000M\000\040\000e\000s\000t\000i\000m\000a\000t\000i\000o\000n\000\040\000o\000f\000\040\000t\000h\000e\000\040\000c\000o\000u\000p\000l\000e\000d\000\040\000s\000y\000s\000t\000e\000m\000:\000\040\000i\000t\000e\000r\000a\000t\000i\000v\000e\000\040\000c\000o\000m\000p\000l\000e\000t\000i\000o\000n\000\040\000o\000f\000\040\000t\000h\000e\000\040\000s\000t\000a\000r\000\040\000v\000a\000r\000i\000a\000b\000l\000e\000s}{section.6}% 30
\BOOKMARK [2][-]{subsection.6.5}{\376\377\000C\000o\000u\000p\000l\000i\000n\000g\000\040\000a\000t\000\040\000s\000o\000l\000v\000e\000\040\000t\000i\000m\000e\000,\000\040\000n\000o\000t\000\040\000e\000s\000t\000i\000m\000a\000t\000i\000o\000n}{section.6}% 31
\BOOKMARK [2][-]{subsection.6.6}{\376\377\000T\000w\000o\000-\000t\000i\000e\000r\000\040\000s\000o\000l\000v\000e\000:\000\040\000l\000i\000v\000e\000\040\000p\000r\000e\000v\000i\000e\000w\000\040\000v\000s\000.\000\040\000t\000h\000e\000\040\000f\000u\000l\000l\000\040\000f\000i\000x\000e\000d\000\040\000p\000o\000i\000n\000t}{section.6}% 32
\BOOKMARK [2][-]{subsection.6.7}{\376\377\000G\000l\000o\000b\000a\000l\000\040\000c\000o\000m\000m\000o\000n\000s\000:\000\040\000U\000S\000-\000d\000e\000t\000e\000r\000m\000i\000n\000e\000d\000\040\000c\000o\000m\000m\000o\000n\000\040\000s\000h\000o\000c\000k\000s}{section.6}% 33
\BOOKMARK [2][-]{subsection.6.8}{\376\377\000R\000e\000l\000a\000t\000i\000o\000n\000\040\000t\000o\000\040\000t\000h\000e\000\040\000f\000i\000s\000c\000a\000l\000\040\000a\000n\000d\000\040\000c\000o\000u\000n\000t\000e\000r\000f\000a\000c\000t\000u\000a\000l\000\040\000l\000a\000y\000e\000r\000s}{section.6}% 34
\BOOKMARK [1][-]{section.7}{\376\377\000F\000i\000s\000c\000a\000l\000\040\000B\000l\000o\000c\000k\000s\000:\000\040\000E\000s\000t\000i\000m\000a\000t\000e\000d\000\040\000D\000r\000i\000v\000e\000r\000s\000\040\000a\000n\000d\000\040\000D\000e\000b\000t\000\040\000A\000c\000c\000o\000u\000n\000t\000i\000n\000g}{}% 35
\BOOKMARK [2][-]{subsection.7.1}{\376\377\000E\000s\000t\000i\000m\000a\000t\000e\000d\000\040\000F\000i\000s\000c\000a\000l\000\040\000D\000r\000i\000v\000e\000r\000s}{section.7}% 36
\BOOKMARK [2][-]{subsection.7.2}{\376\377\000T\000h\000e\000\040\000B\000u\000d\000g\000e\000t\000-\000I\000d\000e\000n\000t\000i\000t\000y\000\040\000R\000e\000c\000u\000r\000s\000i\000o\000n}{section.7}% 37
\BOOKMARK [2][-]{subsection.7.3}{\376\377\000D\000e\000b\000t\000-\000F\000e\000e\000d\000b\000a\000c\000k\000\040\000C\000h\000a\000n\000n\000e\000l\000s\000\040\000\050\000d\000o\000r\000m\000a\000n\000t\000;\000\040\000p\000o\000s\000s\000i\000b\000l\000e\000\040\000f\000u\000t\000u\000r\000e\000\040\000e\000x\000t\000e\000n\000s\000i\000o\000n\000\051}{section.7}% 38
\BOOKMARK [2][-]{subsection.7.4}{\376\377\000D\000e\000b\000t\000-\000T\000a\000r\000g\000e\000t\000i\000n\000g\000\040\000I\000n\000v\000e\000r\000s\000i\000o\000n}{section.7}% 39
\BOOKMARK [2][-]{subsection.7.5}{\376\377\000D\000i\000s\000p\000l\000a\000y\000\040\000L\000a\000y\000o\000u\000t}{section.7}% 40
\BOOKMARK [2][-]{subsection.7.6}{\376\377\000D\000a\000t\000a\000\040\000T\000r\000e\000a\000t\000m\000e\000n\000t\000:\000\040\000t\000h\000e\000\040\000U\000.\000K\000.\000\040\000I\000n\000d\000e\000x\000-\000L\000i\000n\000k\000e\000d\000-\000G\000i\000l\000t\000\040\000S\000p\000i\000k\000e}{section.7}% 41
\BOOKMARK [1][-]{section.8}{\376\377\000L\000o\000n\000g\000-\000R\000u\000n\000\040\000T\000a\000r\000g\000e\000t\000s\000:\000\040\000I\000n\000-\000P\000r\000i\000o\000r\000\040\000P\000r\000i\000o\000r\000\040\000v\000s\000\040\000t\000h\000e\000\040\000F\000o\000r\000w\000a\000r\000d\000-\000P\000a\000s\000s\000\040\000D\000r\000i\000f\000t\000\040\000S\000e\000t\000t\000e\000r}{}% 42
\BOOKMARK [2][-]{subsection.8.1}{\376\377\000I\000n\000-\000P\000r\000i\000o\000r\000\040\000L\000o\000n\000g\000-\000R\000u\000n\000\040\000P\000r\000i\000o\000r\000\040\000\050\000P\000L\000R\000\051}{section.8}% 43
\BOOKMARK [2][-]{subsection.8.2}{\376\377\000T\000h\000e\000\040\000F\000o\000r\000w\000a\000r\000d\000-\000P\000a\000s\000s\000\040\000D\000r\000i\000f\000t\000\040\000S\000e\000t\000t\000e\000r\000\040\000\050\000c\000\051}{section.8}% 44
\BOOKMARK [2][-]{subsection.8.3}{\376\377\000W\000h\000e\000n\000\040\000t\000o\000\040\000U\000s\000e\000\040\000W\000h\000i\000c\000h}{section.8}% 45
\BOOKMARK [1][-]{section.9}{\376\377\000E\000c\000o\000n\000o\000m\000y\000\040\000C\000o\000v\000e\000r\000a\000g\000e\000,\000\040\000D\000a\000t\000a\000\040\000S\000o\000u\000r\000c\000e\000s\000,\000\040\000a\000n\000d\000\040\000E\000s\000t\000i\000m\000a\000t\000i\000o\000n}{}% 46
\BOOKMARK [2][-]{subsection.9.1}{\376\377\000T\000h\000e\000\040\000G\000V\000A\000R\000\040\000S\000y\000s\000t\000e\000m\000:\000\040\0003\0003\000\040\000I\000n\000t\000e\000g\000r\000a\000t\000e\000d\000\040\000B\000l\000o\000c\000s}{section.9}% 47
\BOOKMARK [2][-]{subsection.9.2}{\376\377\000S\000t\000a\000n\000d\000a\000l\000o\000n\000e\000\040\000S\000i\000n\000g\000l\000e\000-\000C\000o\000u\000n\000t\000r\000y\000\040\000B\000l\000o\000c\000s}{section.9}% 48
\BOOKMARK [2][-]{subsection.9.3}{\376\377\000D\000a\000t\000a\000\040\000S\000o\000u\000r\000c\000e\000s}{section.9}% 49
\BOOKMARK [2][-]{subsection.9.4}{\376\377\000C\000O\000V\000I\000D\000-\000a\000s\000-\000M\000i\000s\000s\000i\000n\000g\000\040\000E\000s\000t\000i\000m\000a\000t\000i\000o\000n}{section.9}% 50
\BOOKMARK [2][-]{subsection.9.5}{\376\377\000C\000o\000m\000m\000o\000n\000-\000V\000i\000n\000t\000a\000g\000e\000\040\000H\000a\000r\000m\000o\000n\000i\000z\000a\000t\000i\000o\000n\000\040\000a\000n\000d\000\040\000t\000h\000e\000\040\0002\0000\0002\0006\000Q\0001\000\040\000O\000b\000s\000e\000r\000v\000e\000d\000\040\000R\000e\000f\000r\000e\000s\000h}{section.9}% 51
\BOOKMARK [2][-]{subsection.9.6}{\376\377\000P\000r\000e\000d\000i\000c\000t\000i\000v\000e\000\040\000U\000n\000c\000e\000r\000t\000a\000i\000n\000t\000y\000\040\000B\000a\000n\000d\000s}{section.9}% 52
\BOOKMARK [2][-]{subsection.9.7}{\376\377\000U\000S\000\040\000S\000p\000e\000c\000i\000f\000i\000c\000a\000t\000i\000o\000n}{section.9}% 53
\BOOKMARK [2][-]{subsection.9.8}{\376\377\000V\000a\000r\000i\000a\000b\000l\000e\000\040\000T\000r\000a\000n\000s\000f\000o\000r\000m\000a\000t\000i\000o\000n\000s\000,\000\040\000P\000r\000i\000o\000r\000s\000,\000\040\000a\000n\000d\000\040\000F\000i\000n\000a\000n\000c\000i\000a\000l\000\040\000T\000a\000g\000s\000\040\000b\000y\000\040\000E\000c\000o\000n\000o\000m\000y}{section.9}% 54
\BOOKMARK [1][-]{section.10}{\376\377\000P\000e\000r\000-\000C\000o\000u\000n\000t\000r\000y\000\040\000D\000a\000t\000a\000\040\000S\000o\000u\000r\000c\000e\000s\000\040\000a\000n\000d\000\040\000T\000r\000a\000n\000s\000f\000o\000r\000m\000a\000t\000i\000o\000n\000s}{}% 55
\BOOKMARK [2][-]{subsection.10.1}{\376\377\000P\000e\000r\000-\000E\000c\000o\000n\000o\000m\000y\000\040\000D\000a\000t\000a\000\040\000D\000o\000c\000u\000m\000e\000n\000t\000a\000t\000i\000o\000n\000:\000\040\000t\000h\000e\000\040\000S\000i\000x\000\040\000C\000o\000r\000e\000\040\000B\000l\000o\000c\000s}{section.10}% 56
\BOOKMARK [2][-]{subsection.10.2}{\376\377\000U\000n\000i\000t\000e\000d\000\040\000S\000t\000a\000t\000e\000s\000\040\000\050\000U\000S\000\051}{section.10}% 57
\BOOKMARK [2][-]{subsection.10.3}{\376\377\000E\000u\000r\000o\000\040\000A\000r\000e\000a\000\040\000\050\000E\000A\000\051}{section.10}% 58
\BOOKMARK [2][-]{subsection.10.4}{\376\377\000J\000a\000p\000a\000n\000\040\000\050\000J\000P\000\051}{section.10}% 59
\BOOKMARK [2][-]{subsection.10.5}{\376\377\000U\000n\000i\000t\000e\000d\000\040\000K\000i\000n\000g\000d\000o\000m\000\040\000\050\000U\000K\000\051}{section.10}% 60
\BOOKMARK [2][-]{subsection.10.6}{\376\377\000C\000a\000n\000a\000d\000a\000\040\000\050\000C\000A\000\051}{section.10}% 61
\BOOKMARK [2][-]{subsection.10.7}{\376\377\000C\000h\000i\000n\000a\000\040\000\050\000C\000N\000\051}{section.10}% 62
\BOOKMARK [2][-]{subsection.10.8}{\376\377\000E\000u\000r\000o\000-\000c\000o\000r\000e\000\040\000s\000i\000n\000g\000l\000e\000-\000c\000o\000u\000n\000t\000r\000y\000\040\000B\000V\000A\000R\000s\000\040\000\050\000A\000T\000,\000\040\000B\000E\000,\000\040\000D\000E\000,\000\040\000F\000R\000,\000\040\000N\000L\000\051}{section.10}% 63
\BOOKMARK [2][-]{subsection.10.9}{\376\377\000A\000u\000s\000t\000r\000i\000a\000\040\000\050\000A\000T\000\051}{section.10}% 64
\BOOKMARK [2][-]{subsection.10.10}{\376\377\000B\000e\000l\000g\000i\000u\000m\000\040\000\050\000B\000E\000\051}{section.10}% 65
\BOOKMARK [2][-]{subsection.10.11}{\376\377\000G\000e\000r\000m\000a\000n\000y\000\040\000\050\000D\000E\000\051}{section.10}% 66
\BOOKMARK [2][-]{subsection.10.12}{\376\377\000F\000r\000a\000n\000c\000e\000\040\000\050\000F\000R\000\051}{section.10}% 67
\BOOKMARK [2][-]{subsection.10.13}{\376\377\000N\000e\000t\000h\000e\000r\000l\000a\000n\000d\000s\000\040\000\050\000N\000L\000\051}{section.10}% 68
\BOOKMARK [2][-]{subsection.10.14}{\376\377\000E\000u\000r\000o\000-\000a\000r\000e\000a\000\040\000p\000e\000r\000i\000p\000h\000e\000r\000y\000:\000\040\000d\000a\000t\000a\000\040\000c\000o\000n\000v\000e\000n\000t\000i\000o\000n\000s\000\040\000\050\000E\000S\000,\000\040\000I\000T\000,\000\040\000I\000E\000,\000\040\000P\000T\000,\000\040\000G\000R\000\051}{section.10}% 69
\BOOKMARK [2][-]{subsection.10.15}{\376\377\000S\000p\000a\000i\000n\000\040\000\050\000E\000S\000\051}{section.10}% 70
\BOOKMARK [2][-]{subsection.10.16}{\376\377\000I\000t\000a\000l\000y\000\040\000\050\000I\000T\000\051}{section.10}% 71
\BOOKMARK [2][-]{subsection.10.17}{\376\377\000I\000r\000e\000l\000a\000n\000d\000\040\000\050\000I\000E\000\051}{section.10}% 72
\BOOKMARK [2][-]{subsection.10.18}{\376\377\000P\000o\000r\000t\000u\000g\000a\000l\000\040\000\050\000P\000T\000\051}{section.10}% 73
\BOOKMARK [2][-]{subsection.10.19}{\376\377\000G\000r\000e\000e\000c\000e\000\040\000\050\000G\000R\000\051}{section.10}% 74
\BOOKMARK [2][-]{subsection.10.20}{\376\377\000E\000u\000r\000o\000-\000a\000r\000e\000a\000\040\000s\000m\000a\000l\000l\000\040\000m\000e\000m\000b\000e\000r\000s\000:\000\040\000d\000a\000t\000a\000\040\000c\000o\000n\000v\000e\000n\000t\000i\000o\000n\000s}{section.10}% 75
\BOOKMARK [2][-]{subsection.10.21}{\376\377\000E\000s\000t\000o\000n\000i\000a\000\040\000\050\000E\000E\000\051}{section.10}% 76
\BOOKMARK [2][-]{subsection.10.22}{\376\377\000F\000i\000n\000l\000a\000n\000d\000\040\000\050\000F\000I\000\051}{section.10}% 77
\BOOKMARK [2][-]{subsection.10.23}{\376\377\000L\000u\000x\000e\000m\000b\000o\000u\000r\000g\000\040\000\050\000L\000U\000\051}{section.10}% 78
\BOOKMARK [2][-]{subsection.10.24}{\376\377\000L\000a\000t\000v\000i\000a\000\040\000\050\000L\000V\000\051}{section.10}% 79
\BOOKMARK [2][-]{subsection.10.25}{\376\377\000L\000i\000t\000h\000u\000a\000n\000i\000a\000\040\000\050\000L\000T\000\051}{section.10}% 80
\BOOKMARK [2][-]{subsection.10.26}{\376\377\000S\000l\000o\000v\000a\000k\000i\000a\000\040\000\050\000S\000K\000\051}{section.10}% 81
\BOOKMARK [2][-]{subsection.10.27}{\376\377\000S\000l\000o\000v\000e\000n\000i\000a\000\040\000\050\000S\000I\000\051}{section.10}% 82
\BOOKMARK [2][-]{subsection.10.28}{\376\377\000E\000U\000\040\000n\000o\000n\000-\000e\000u\000r\000o\000\040\000a\000n\000d\000\040\000h\000a\000r\000d\000-\000g\000a\000p\000\040\000s\000m\000a\000l\000l\000\040\000b\000l\000o\000c\000s\000:\000\040\000d\000a\000t\000a\000\040\000c\000o\000n\000v\000e\000n\000t\000i\000o\000n\000s}{section.10}% 83
\BOOKMARK [2][-]{subsection.10.29}{\376\377\000C\000z\000e\000c\000h\000i\000a\000\040\000\050\000C\000Z\000\051}{section.10}% 84
\BOOKMARK [2][-]{subsection.10.30}{\376\377\000H\000u\000n\000g\000a\000r\000y\000\040\000\050\000H\000U\000\051}{section.10}% 85
\BOOKMARK [2][-]{subsection.10.31}{\376\377\000P\000o\000l\000a\000n\000d\000\040\000\050\000P\000L\000\051}{section.10}% 86
\BOOKMARK [2][-]{subsection.10.32}{\376\377\000C\000o\000s\000t\000a\000\040\000R\000i\000c\000a\000\040\000\050\000C\000R\000\051}{section.10}% 87
\BOOKMARK [2][-]{subsection.10.33}{\376\377\000I\000c\000e\000l\000a\000n\000d\000\040\000\050\000I\000S\000\051}{section.10}% 88
\BOOKMARK [2][-]{subsection.10.34}{\376\377\000A\000d\000v\000a\000n\000c\000e\000d\000-\000E\000c\000o\000n\000o\000m\000y\000\040\000B\000l\000o\000c\000s\000:\000\040\000P\000e\000r\000-\000V\000a\000r\000i\000a\000b\000l\000e\000\040\000D\000a\000t\000a\000\040\000P\000r\000o\000v\000e\000n\000a\000n\000c\000e}{section.10}% 89
\BOOKMARK [2][-]{subsection.10.35}{\376\377\000A\000u\000s\000t\000r\000a\000l\000i\000a\000\040\000\050\000A\000U\000\051}{section.10}% 90
\BOOKMARK [2][-]{subsection.10.36}{\376\377\000S\000w\000i\000t\000z\000e\000r\000l\000a\000n\000d\000\040\000\050\000C\000H\000\051}{section.10}% 91
\BOOKMARK [2][-]{subsection.10.37}{\376\377\000D\000e\000n\000m\000a\000r\000k\000\040\000\050\000D\000K\000\051}{section.10}% 92
\BOOKMARK [2][-]{subsection.10.38}{\376\377\000N\000o\000r\000w\000a\000y\000\040\000\050\000N\000O\000\051}{section.10}% 93
\BOOKMARK [2][-]{subsection.10.39}{\376\377\000S\000w\000e\000d\000e\000n\000\040\000\050\000S\000E\000\051}{section.10}% 94
\BOOKMARK [2][-]{subsection.10.40}{\376\377\000N\000e\000w\000\040\000Z\000e\000a\000l\000a\000n\000d\000\040\000\050\000N\000Z\000\051}{section.10}% 95
\BOOKMARK [2][-]{subsection.10.41}{\376\377\000K\000o\000r\000e\000a\000\040\000\050\000K\000R\000\051}{section.10}% 96
\BOOKMARK [2][-]{subsection.10.42}{\376\377\000I\000s\000r\000a\000e\000l\000\040\000\050\000I\000L\000\051}{section.10}% 97
\BOOKMARK [2][-]{subsection.10.43}{\376\377\000E\000m\000e\000r\000g\000i\000n\000g\000-\000m\000a\000r\000k\000e\000t\000\040\000b\000l\000o\000c\000s\000\040\000I\000:\000\040\000B\000R\000,\000\040\000M\000X\000,\000\040\000C\000L\000,\000\040\000C\000O\000,\000\040\000I\000N\000,\000\040\000I\000D}{section.10}% 98
\BOOKMARK [2][-]{subsection.10.44}{\376\377\000B\000r\000a\000z\000i\000l\000\040\000\050\000B\000R\000\051}{section.10}% 99
\BOOKMARK [2][-]{subsection.10.45}{\376\377\000M\000e\000x\000i\000c\000o\000\040\000\050\000M\000X\000\051}{section.10}% 100
\BOOKMARK [2][-]{subsection.10.46}{\376\377\000C\000h\000i\000l\000e\000\040\000\050\000C\000L\000\051}{section.10}% 101
\BOOKMARK [2][-]{subsection.10.47}{\376\377\000C\000o\000l\000o\000m\000b\000i\000a\000\040\000\050\000C\000O\000\051}{section.10}% 102
\BOOKMARK [2][-]{subsection.10.48}{\376\377\000I\000n\000d\000i\000a\000\040\000\050\000I\000N\000\051}{section.10}% 103
\BOOKMARK [2][-]{subsection.10.49}{\376\377\000I\000n\000d\000o\000n\000e\000s\000i\000a\000\040\000\050\000I\000D\000\051}{section.10}% 104
\BOOKMARK [2][-]{subsection.10.50}{\376\377\000E\000m\000e\000r\000g\000i\000n\000g\000\040\000m\000a\000r\000k\000e\000t\000s\000\040\000I\000I\000:\000\040\000d\000a\000t\000a\000\040\000c\000o\000n\000v\000e\000n\000t\000i\000o\000n\000s\000\040\000\050\000T\000R\000,\000\040\000Z\000A\000,\000\040\000S\000A\000,\000\040\000A\000R\000,\000\040\000R\000U\000,\000\040\000T\000H\000,\000\040\000M\000Y\000,\000\040\000T\000W\000\051}{section.10}% 105
\BOOKMARK [2][-]{subsection.10.51}{\376\377\000T\000\374\000r\000k\000i\000y\000e\000\040\000\050\000T\000R\000\051}{section.10}% 106
\BOOKMARK [2][-]{subsection.10.52}{\376\377\000S\000o\000u\000t\000h\000\040\000A\000f\000r\000i\000c\000a\000\040\000\050\000Z\000A\000\051}{section.10}% 107
\BOOKMARK [2][-]{subsection.10.53}{\376\377\000S\000a\000u\000d\000i\000\040\000A\000r\000a\000b\000i\000a\000\040\000\050\000S\000A\000\051}{section.10}% 108
\BOOKMARK [2][-]{subsection.10.54}{\376\377\000A\000r\000g\000e\000n\000t\000i\000n\000a\000\040\000\050\000A\000R\000\051}{section.10}% 109
\BOOKMARK [2][-]{subsection.10.55}{\376\377\000R\000u\000s\000s\000i\000a\000\040\000\050\000R\000U\000\051}{section.10}% 110
\BOOKMARK [2][-]{subsection.10.56}{\376\377\000T\000h\000a\000i\000l\000a\000n\000d\000\040\000\050\000T\000H\000\051}{section.10}% 111
\BOOKMARK [2][-]{subsection.10.57}{\376\377\000M\000a\000l\000a\000y\000s\000i\000a\000\040\000\050\000M\000Y\000\051}{section.10}% 112
\BOOKMARK [2][-]{subsection.10.58}{\376\377\000T\000a\000i\000w\000a\000n\000,\000\040\000P\000r\000o\000v\000i\000n\000c\000e\000\040\000o\000f\000\040\000C\000h\000i\000n\000a\000\040\000\050\000T\000W\000\051}{section.10}% 113
\BOOKMARK [2][-]{subsection.10.59}{\376\377\000C\000o\000u\000n\000t\000r\000y\000V\000a\000r\000i\000a\000b\000l\000e\000\040\000C\000o\000v\000e\000r\000a\000g\000e\000\040\000M\000a\000t\000r\000i\000x}{section.10}% 114
\BOOKMARK [1][-]{section.11}{\376\377\000U\000s\000e\000r\000\040\000I\000n\000t\000e\000r\000f\000a\000c\000e\000\040\000G\000u\000i\000d\000e}{}% 115
\BOOKMARK [2][-]{subsection.11.1}{\376\377\000T\000o\000p\000\040\000B\000a\000r}{section.11}% 116
\BOOKMARK [2][-]{subsection.11.2}{\376\377\000C\000h\000a\000r\000t\000\040\000P\000a\000n\000e\000l}{section.11}% 117
\BOOKMARK [2][-]{subsection.11.3}{\376\377\000C\000o\000n\000t\000r\000o\000l\000\040\000P\000a\000n\000e\000l\000\040\000\050\000S\000i\000d\000e\000b\000a\000r\000\051}{section.11}% 118
\BOOKMARK [3][-]{subsubsection.11.3.1}{\376\377\000S\000c\000e\000n\000a\000r\000i\000o\000\040\000S\000e\000c\000t\000i\000o\000n}{subsection.11.3}% 119
\BOOKMARK [3][-]{subsubsection.11.3.2}{\376\377\000P\000o\000l\000i\000c\000y\000\040\000C\000o\000u\000n\000t\000e\000r\000f\000a\000c\000t\000u\000a\000l\000\040\000S\000e\000c\000t\000i\000o\000n}{subsection.11.3}% 120
\BOOKMARK [3][-]{subsubsection.11.3.3}{\376\377\000L\000o\000n\000g\000-\000R\000u\000n\000\040\000T\000a\000r\000g\000e\000t\000s\000\040\000S\000e\000c\000t\000i\000o\000n}{subsection.11.3}% 121
\BOOKMARK [3][-]{subsubsection.11.3.4}{\376\377\000C\000r\000o\000s\000s\000-\000B\000o\000r\000d\000e\000r\000\040\000S\000p\000i\000l\000l\000o\000v\000e\000r\000s\000\040\000S\000e\000c\000t\000i\000o\000n}{subsection.11.3}% 122
\BOOKMARK [2][-]{subsection.11.4}{\376\377\000E\000x\000p\000o\000r\000t}{section.11}% 123
\BOOKMARK [3][-]{subsubsection.11.4.1}{\376\377\000M\000u\000l\000t\000i\000-\000S\000c\000e\000n\000a\000r\000i\000o\000\040\000S\000u\000p\000p\000o\000r\000t}{subsection.11.4}% 124
\BOOKMARK [1][-]{section.12}{\376\377\000T\000e\000c\000h\000n\000i\000c\000a\000l\000\040\000N\000o\000t\000e\000s}{}% 125
\BOOKMARK [2][-]{subsection.12.1}{\376\377\000C\000l\000i\000e\000n\000t\000-\000S\000i\000d\000e\000\040\000C\000o\000m\000p\000u\000t\000a\000t\000i\000o\000n}{section.12}% 126
\BOOKMARK [2][-]{subsection.12.2}{\376\377\000P\000e\000r\000f\000o\000r\000m\000a\000n\000c\000e\000\040\000O\000p\000t\000i\000m\000i\000z\000a\000t\000i\000o\000n\000s}{section.12}% 127
\BOOKMARK [2][-]{subsection.12.3}{\376\377\000I\000n\000t\000e\000r\000a\000c\000t\000i\000v\000e\000\040\000G\000V\000A\000R\000\040\000A\000r\000c\000h\000i\000t\000e\000c\000t\000u\000r\000e\000:\000\040\000k\000e\000e\000p\000i\000n\000g\000\040\000t\000h\000e\000\040\000h\000e\000a\000v\000y\000\040\000s\000o\000l\000v\000e\000\040\000o\000f\000f\000\040\000t\000h\000e\000\040\000d\000r\000a\000g\000\040\000p\000a\000t\000h}{section.12}% 128
\BOOKMARK [2][-]{subsection.12.4}{\376\377\000N\000u\000m\000e\000r\000i\000c\000a\000l\000\040\000C\000o\000n\000v\000e\000n\000t\000i\000o\000n\000s}{section.12}% 129
\BOOKMARK [2][-]{subsection.12.5}{\376\377\000I\000d\000e\000n\000t\000i\000f\000i\000a\000b\000i\000l\000i\000t\000y\000\040\000a\000n\000d\000\040\000W\000e\000a\000k\000\040\000E\000x\000o\000g\000e\000n\000e\000i\000t\000y}{section.12}% 130
\BOOKMARK [1][-]{section.13}{\376\377\000R\000e\000p\000r\000o\000d\000u\000c\000i\000b\000i\000l\000i\000t\000y\000\040\000a\000n\000d\000\040\000R\000e\000p\000l\000i\000c\000a\000t\000i\000o\000n}{}% 131
\BOOKMARK [2][-]{subsection.13.1}{\376\377\000R\000e\000p\000o\000s\000i\000t\000o\000r\000y\000\040\000a\000n\000d\000\040\000F\000o\000l\000d\000e\000r\000\040\000M\000a\000p}{section.13}% 132
\BOOKMARK [2][-]{subsection.13.2}{\376\377\000S\000o\000f\000t\000w\000a\000r\000e\000\040\000D\000e\000p\000e\000n\000d\000e\000n\000c\000i\000e\000s}{section.13}% 133
\BOOKMARK [2][-]{subsection.13.3}{\376\377\000E\000n\000d\000-\000t\000o\000-\000E\000n\000d\000\040\000R\000e\000p\000l\000i\000c\000a\000t\000i\000o\000n\000\040\000R\000e\000c\000i\000p\000e}{section.13}% 134
\BOOKMARK [2][-]{subsection.13.4}{\376\377\000M\000o\000d\000e\000l\000-\000S\000i\000g\000n\000a\000t\000u\000r\000e\000\040\000V\000e\000r\000s\000i\000o\000n\000i\000n\000g}{section.13}% 135
\BOOKMARK [1][-]{section.14}{\376\377\000E\000m\000p\000i\000r\000i\000c\000a\000l\000\040\000R\000e\000s\000u\000l\000t\000s}{}% 136
\BOOKMARK [2][-]{subsection.14.1}{\376\377\000I\000n\000-\000s\000a\000m\000p\000l\000e\000\040\000d\000i\000a\000g\000n\000o\000s\000t\000i\000c\000s}{section.14}% 137
\BOOKMARK [2][-]{subsection.14.2}{\376\377\000O\000u\000t\000-\000o\000f\000-\000s\000a\000m\000p\000l\000e\000\040\000f\000o\000r\000e\000c\000a\000s\000t\000\040\000h\000o\000r\000s\000e\000\040\000r\000a\000c\000e}{section.14}% 138
\BOOKMARK [3][-]{subsubsection.14.2.1}{\376\377\000M\000o\000d\000e\000l\000\040\000s\000e\000t}{subsection.14.2}% 139
\BOOKMARK [3][-]{subsubsection.14.2.2}{\376\377\000S\000c\000h\000e\000m\000e\000:\000\040\000r\000e\000c\000u\000r\000s\000i\000v\000e\000\040\000e\000x\000p\000a\000n\000d\000i\000n\000g\000\040\000w\000i\000n\000d\000o\000w}{subsection.14.2}% 140
\BOOKMARK [3][-]{subsubsection.14.2.3}{\376\377\000S\000c\000o\000r\000i\000n\000g\000\040\000a\000n\000d\000\040\000i\000n\000f\000e\000r\000e\000n\000c\000e}{subsection.14.2}% 141
\BOOKMARK [3][-]{subsubsection.14.2.4}{\376\377\000R\000e\000s\000u\000l\000t\000s}{subsection.14.2}% 142
\BOOKMARK [2][-]{subsection.14.3}{\376\377\000E\000n\000d\000o\000g\000e\000n\000o\000u\000s\000-\000U\000S\000\040\000s\000p\000i\000l\000l\000o\000v\000e\000r\000\040\000a\000n\000a\000l\000y\000s\000i\000s}{section.14}% 143
\BOOKMARK [1][-]{section.15}{\376\377\000D\000i\000s\000c\000u\000s\000s\000i\000o\000n}{}% 144
\BOOKMARK [2][-]{subsection.15.1}{\376\377\000D\000e\000s\000i\000g\000n\000\040\000P\000h\000i\000l\000o\000s\000o\000p\000h\000y}{section.15}% 145
\BOOKMARK [2][-]{subsection.15.2}{\376\377\000L\000i\000m\000i\000t\000a\000t\000i\000o\000n\000s}{section.15}% 146
\BOOKMARK [2][-]{subsection.15.3}{\376\377\000K\000n\000o\000w\000n\000\040\000i\000s\000s\000u\000e\000s\000\040\000f\000l\000a\000g\000g\000e\000d\000\040\000f\000o\000r\000\040\000f\000i\000x}{section.15}% 147
\BOOKMARK [2][-]{subsection.15.4}{\376\377\000D\000i\000r\000e\000c\000t\000i\000o\000n\000s\000\040\000f\000o\000r\000\040\000F\000u\000t\000u\000r\000e\000\040\000W\000o\000r\000k}{section.15}% 148
\BOOKMARK [1][-]{appendix.A}{\376\377\000G\000l\000o\000s\000s\000a\000r\000y\000\040\000o\000f\000\040\000t\000e\000r\000m\000s}{}% 149
\BOOKMARK [1][-]{section*.96}{\376\377\000A\000c\000k\000n\000o\000w\000l\000e\000d\000g\000m\000e\000n\000t\000s}{}% 150
